DTSApp Praktikum 2/app/build/intermediates/manifest_merge_blame_file/debug/manifest-merger-blame-debug-report.txt
1<?xml version="1.0" encoding="utf-8"?>
2<manifest xmlns:android="http://schemas.android.com/apk/res/android"
3    package="polinema.ac.id.dtsdesigntolayout"
4    android:versionCode="1"
5    android:versionName="1.0" >
6
7    <uses-sdk
8        android:minSdkVersion="19"
8-->src\main\AndroidManifest.xml
9        android:targetSdkVersion="28" />
9-->src\main\AndroidManifest.xml
10
11    <application
11-->src\main\AndroidManifest.xml:5:5-29:19
12        android:allowBackup="true"
12-->src\main\AndroidManifest.xml:6:9-35
13        android:appComponentFactory="android.support.v4.app.CoreComponentFactory"
13-->[com.android.support:support-compat:28.0.0] AndroidManifest.xml:22:18-91
14        android:debuggable="true"
15        android:icon="@mipmap/ic_launcher"
15-->src\main\AndroidManifest.xml:7:9-43
16        android:label="@string/app_name"
16-->src\main\AndroidManifest.xml:8:9-41
17        android:roundIcon="@mipmap/ic_launcher_round"
17-->src\main\AndroidManifest.xml:9:9-54
18        android:supportsRtl="true"
18-->src\main\AndroidManifest.xml:10:9-35
19        android:testOnly="true"
20        android:theme="@style/AppTheme" >
20-->src\main\AndroidManifest.xml:11:9-40
21        <activity android:name="polinema.ac.id.dtsapp.ProfileActivity" />
21-->src\main\AndroidManifest.xml:12:9-62
21-->src\main\AndroidManifest.xml:12:19-50
22        <activity android:name="polinema.ac.id.dtsapp.HomeActivity" />
22-->src\main\AndroidManifest.xml:13:9-50
22-->src\main\AndroidManifest.xml:13:19-47
23        <activity android:name="polinema.ac.id.dtsapp.RegisterActivity" />
23-->src\main\AndroidManifest.xml:14:9-54
23-->src\main\AndroidManifest.xml:14:19-51
24        <activity android:name="polinema.ac.id.dtsapp.SuccessActivity" />
24-->src\main\AndroidManifest.xml:15:9-53
24-->src\main\AndroidManifest.xml:15:19-50
25        <activity android:name="polinema.ac.id.dtsapp.ResetPasswordActivity" />
25-->src\main\AndroidManifest.xml:16:9-59
25-->src\main\AndroidManifest.xml:16:19-56
26        <activity android:name="polinema.ac.id.dtsapp.ForgotPasswordActivity" />
26-->src\main\AndroidManifest.xml:17:9-60
26-->src\main\AndroidManifest.xml:17:19-57
27        <activity android:name="polinema.ac.id.dtsapp.WelcomeBackActivity" />
27-->src\main\AndroidManifest.xml:18:9-57
27-->src\main\AndroidManifest.xml:18:19-54
28        <activity android:name="polinema.ac.id.dtsapp.WelcomeSlideAssignActivity" />
28-->src\main\AndroidManifest.xml:19:9-64
28-->src\main\AndroidManifest.xml:19:19-61
29        <activity android:name="polinema.ac.id.dtsapp.WelcomeSlideSuperheroActivity" />
29-->src\main\AndroidManifest.xml:20:9-67
29-->src\main\AndroidManifest.xml:20:19-64
30        <activity android:name="polinema.ac.id.dtsapp.WelcomeSlideCalendarActivity" />
30-->src\main\AndroidManifest.xml:21:9-66
30-->src\main\AndroidManifest.xml:21:19-63
31        <activity android:name="polinema.ac.id.dtsapp.MainActivity" >
31-->src\main\AndroidManifest.xml:22:9-28:20
31-->src\main\AndroidManifest.xml:22:19-47
32            <intent-filter>
32-->src\main\AndroidManifest.xml:23:13-27:29
33                <action android:name="android.intent.action.MAIN" />
33-->src\main\AndroidManifest.xml:24:17-69
33-->src\main\AndroidManifest.xml:24:25-66
34
35                <category android:name="android.intent.category.LAUNCHER" />
35-->src\main\AndroidManifest.xml:26:17-77
35-->src\main\AndroidManifest.xml:26:27-74
36            </intent-filter>
37        </activity>
38    </application>
39
40</manifest>